c:\users\zx\desktop\hwlocexc\hwloc\hwloc\x64\debug\vc141.pdb
c:\users\zx\desktop\hwlocexc\hwloc\hwloc\x64\debug\vc141.idb
c:\users\zx\desktop\hwlocexc\hwloc\hwloc\x64\debug\base64.obj
c:\users\zx\desktop\hwlocexc\hwloc\hwloc\x64\debug\bind.obj
c:\users\zx\desktop\hwlocexc\hwloc\hwloc\x64\debug\bitmap.obj
c:\users\zx\desktop\hwlocexc\hwloc\hwloc\x64\debug\components.obj
c:\users\zx\desktop\hwlocexc\hwloc\hwloc\x64\debug\diff.obj
c:\users\zx\desktop\hwlocexc\hwloc\hwloc\x64\debug\distances.obj
c:\users\zx\desktop\hwlocexc\hwloc\hwloc\x64\debug\dolib.obj
c:\users\zx\desktop\hwlocexc\hwloc\hwloc\x64\debug\misc.obj
c:\users\zx\desktop\hwlocexc\hwloc\hwloc\x64\debug\pci-common.obj
c:\users\zx\desktop\hwlocexc\hwloc\hwloc\x64\debug\shmem.obj
c:\users\zx\desktop\hwlocexc\hwloc\hwloc\x64\debug\topology-noos.obj
c:\users\zx\desktop\hwlocexc\hwloc\hwloc\x64\debug\topology-synthetic.obj
c:\users\zx\desktop\hwlocexc\hwloc\hwloc\x64\debug\topology-windows.obj
c:\users\zx\desktop\hwlocexc\hwloc\hwloc\x64\debug\topology-x86.obj
c:\users\zx\desktop\hwlocexc\hwloc\hwloc\x64\debug\topology-xml-nolibxml.obj
c:\users\zx\desktop\hwlocexc\hwloc\hwloc\x64\debug\topology-xml.obj
c:\users\zx\desktop\hwlocexc\hwloc\hwloc\x64\debug\topology.obj
c:\users\zx\desktop\hwlocexc\hwloc\hwloc\x64\debug\traversal.obj
c:\users\zx\desktop\hwlocexc\hwloc\x64\debug\hwloc.lib
c:\users\zx\desktop\hwlocexc\hwloc\x64\debug\hwloc.exp
c:\users\zx\desktop\hwlocexc\hwloc\x64\debug\hwloc.ilk
c:\users\zx\desktop\hwlocexc\hwloc\x64\debug\hwloc.exe
c:\users\zx\desktop\hwlocexc\hwloc\x64\debug\hwloc.pdb
c:\users\zx\desktop\hwlocexc\hwloc\hwloc\x64\debug\hwloc.tlog\cl.command.1.tlog
c:\users\zx\desktop\hwlocexc\hwloc\hwloc\x64\debug\hwloc.tlog\cl.read.1.tlog
c:\users\zx\desktop\hwlocexc\hwloc\hwloc\x64\debug\hwloc.tlog\cl.write.1.tlog
c:\users\zx\desktop\hwlocexc\hwloc\hwloc\x64\debug\hwloc.tlog\hwloc.write.1u.tlog
c:\users\zx\desktop\hwlocexc\hwloc\hwloc\x64\debug\hwloc.tlog\link.command.1.tlog
c:\users\zx\desktop\hwlocexc\hwloc\hwloc\x64\debug\hwloc.tlog\link.read.1.tlog
c:\users\zx\desktop\hwlocexc\hwloc\hwloc\x64\debug\hwloc.tlog\link.write.1.tlog
